<?xml version="1.0" encoding="UTF-8"?>
<!-- Generated by org.testng.reporters.JUnitReportReporter -->
<testsuite hostname="DESKTOP-VRBAL0D" failures="0" tests="1" name="com.excelr.testcases.LoginPageTest" time="28.488" errors="0" timestamp="2023-01-28T17:13:42 IST" skipped="0">
  <testcase classname="com.excelr.testcases.LoginPageTest" name="validateLogin" time="28.488"/>
  <system-out/>
</testsuite> <!-- com.excelr.testcases.LoginPageTest -->
