<?xml version="1.0" encoding="UTF-8"?>
<!-- Generated by org.testng.reporters.JUnitReportReporter -->
<testsuite hostname="DESKTOP-VRBAL0D" failures="0" tests="1" name="com.excelr.testcases.DashboardPageTest" time="23.123" errors="0" timestamp="2023-01-28T17:02:39 IST" skipped="0">
  <testcase classname="com.excelr.testcases.DashboardPageTest" name="validateMyActionSection" time="23.123"/>
  <system-out/>
</testsuite> <!-- com.excelr.testcases.DashboardPageTest -->
