<?xml version="1.0" encoding="UTF-8"?>
<!-- Generated by org.testng.reporters.JUnitReportReporter -->
<testsuite hostname="DESKTOP-VRBAL0D" failures="0" tests="4" name="com.excelr.testcases.LoginPageTest" time="59.360" errors="0" timestamp="2023-01-29T16:25:59 IST" skipped="0">
  <testcase classname="com.excelr.testcases.LoginPageTest" name="validateLogin" time="13.796"/>
  <system-out/>
  <testcase classname="com.excelr.testcases.LoginPageTest" name="validateTitle" time="15.460"/>
  <system-out/>
  <testcase classname="com.excelr.testcases.LoginPageTest" name="companyLink" time="13.570"/>
  <system-out/>
  <testcase classname="com.excelr.testcases.LoginPageTest" name="forgotPassword" time="16.534"/>
  <system-out/>
</testsuite> <!-- com.excelr.testcases.LoginPageTest -->
