<?xml version="1.0" encoding="UTF-8"?>
<!-- Generated by org.testng.reporters.JUnitReportReporter -->
<testsuite hostname="DESKTOP-VRBAL0D" failures="0" tests="3" name="com.excelr.testcases.DashboardPageTest" time="43.762" errors="0" timestamp="2023-01-29T16:25:59 IST" skipped="0">
  <testcase classname="com.excelr.testcases.DashboardPageTest" name="validateMyActionSection" time="18.692"/>
  <system-out/>
  <testcase classname="com.excelr.testcases.DashboardPageTest" name="validateTimeAtWorkSection" time="12.045"/>
  <system-out/>
  <testcase classname="com.excelr.testcases.DashboardPageTest" name="quickLaunchSection" time="13.025"/>
  <system-out/>
</testsuite> <!-- com.excelr.testcases.DashboardPageTest -->
